C51 COMPILER V7.08   DELAY                                                                 06/14/2019 17:59:23 PAGE 1   


C51 COMPILER V7.08, COMPILATION OF MODULE DELAY
OBJECT MODULE PLACED IN C:\!!!!!!\delay.obj
COMPILER INVOKED BY: C:\Keil\C51\BIN\C51.EXE delay.c BROWSE DEBUG OBJECTEXTEND OBJECT(C:\!!!!!!\delay.obj)

line level    source

   1          #include"types.h"
   2          void delay_ms(u16 dlyms)
   3          {
   4   1      u16 i;
   5   1      for(;dlyms>0;dlyms--)
   6   1      for(i=122;i>0;i--);
   7   1      }


MODULE INFORMATION:   STATIC OVERLAYABLE
   CODE SIZE        =     30    ----
   CONSTANT SIZE    =   ----    ----
   XDATA SIZE       =   ----    ----
   PDATA SIZE       =   ----    ----
   DATA SIZE        =   ----    ----
   IDATA SIZE       =   ----    ----
   BIT SIZE         =   ----    ----
END OF MODULE INFORMATION.


C51 COMPILATION COMPLETE.  0 WARNING(S),  0 ERROR(S)
